This is pdfTeX, Version 3.1415926-2.4-1.40.13 (TeX Live 2012/MacPorts 2012_9) (format=pdflatex 2012.8.27)  20 MAY 2013 11:35
entering extended mode
 restricted \write18 enabled.
 file:line:error style messages enabled.
 %&-line parsing enabled.
**HTrgJINST.tex
(./HTrgJINST.tex
LaTeX2e <2011/06/27>
Babel <v3.8m> and hyphenation patterns for english, dumylang, nohyphenation, lo
aded.
(./JINST.cls
Document Class: JINST 2006/07/11 v1.0.1 LaTeX document class - P.D.
(/opt/local/share/texmf-texlive-dist/tex/latex/amsfonts/amssymb.sty
Package: amssymb 2009/06/22 v3.00

(/opt/local/share/texmf-texlive-dist/tex/latex/amsfonts/amsfonts.sty
Package: amsfonts 2009/06/22 v3.00 Basic AMSFonts support
\@emptytoks=\toks14
\symAMSa=\mathgroup4
\symAMSb=\mathgroup5
LaTeX Font Info:    Overwriting math alphabet `\mathfrak' in version `bold'
(Font)                  U/euf/m/n --> U/euf/b/n on input line 96.
))
(/opt/local/share/texmf-texlive-dist/tex/latex/base/fontenc.sty
Package: fontenc 2005/09/27 v1.99g Standard LaTeX package

(/opt/local/share/texmf-texlive-dist/tex/latex/base/t1enc.def
File: t1enc.def 2005/09/27 v1.99g Standard LaTeX file
LaTeX Font Info:    Redeclaring font encoding T1 on input line 43.
))
(/opt/local/share/texmf-texlive-dist/tex/latex/psnfss/times.sty
Package: times 2005/04/12 PSNFSS-v9.2a (SPQR) 
)
(/opt/local/share/texmf-texlive-dist/tex/latex/psnfss/mathptmx.sty
Package: mathptmx 2005/04/12 PSNFSS-v9.2a Times w/ Math, improved (SPQR, WaS) 
LaTeX Font Info:    Redeclaring symbol font `operators' on input line 28.
LaTeX Font Info:    Overwriting symbol font `operators' in version `normal'
(Font)                  OT1/cmr/m/n --> OT1/ztmcm/m/n on input line 28.
LaTeX Font Info:    Overwriting symbol font `operators' in version `bold'
(Font)                  OT1/cmr/bx/n --> OT1/ztmcm/m/n on input line 28.
LaTeX Font Info:    Redeclaring symbol font `letters' on input line 29.
LaTeX Font Info:    Overwriting symbol font `letters' in version `normal'
(Font)                  OML/cmm/m/it --> OML/ztmcm/m/it on input line 29.
LaTeX Font Info:    Overwriting symbol font `letters' in version `bold'
(Font)                  OML/cmm/b/it --> OML/ztmcm/m/it on input line 29.
LaTeX Font Info:    Redeclaring symbol font `symbols' on input line 30.
LaTeX Font Info:    Overwriting symbol font `symbols' in version `normal'
(Font)                  OMS/cmsy/m/n --> OMS/ztmcm/m/n on input line 30.
LaTeX Font Info:    Overwriting symbol font `symbols' in version `bold'
(Font)                  OMS/cmsy/b/n --> OMS/ztmcm/m/n on input line 30.
LaTeX Font Info:    Redeclaring symbol font `largesymbols' on input line 31.
LaTeX Font Info:    Overwriting symbol font `largesymbols' in version `normal'
(Font)                  OMX/cmex/m/n --> OMX/ztmcm/m/n on input line 31.
LaTeX Font Info:    Overwriting symbol font `largesymbols' in version `bold'
(Font)                  OMX/cmex/m/n --> OMX/ztmcm/m/n on input line 31.
\symbold=\mathgroup6
\symitalic=\mathgroup7
LaTeX Font Info:    Redeclaring math alphabet \mathbf on input line 34.
LaTeX Font Info:    Overwriting math alphabet `\mathbf' in version `normal'
(Font)                  OT1/cmr/bx/n --> OT1/ptm/bx/n on input line 34.
LaTeX Font Info:    Overwriting math alphabet `\mathbf' in version `bold'
(Font)                  OT1/cmr/bx/n --> OT1/ptm/bx/n on input line 34.
LaTeX Font Info:    Redeclaring math alphabet \mathit on input line 35.
LaTeX Font Info:    Overwriting math alphabet `\mathit' in version `normal'
(Font)                  OT1/cmr/m/it --> OT1/ptm/m/it on input line 35.
LaTeX Font Info:    Overwriting math alphabet `\mathit' in version `bold'
(Font)                  OT1/cmr/bx/it --> OT1/ptm/m/it on input line 35.
LaTeX Info: Redefining \hbar on input line 50.
)
(/opt/local/share/texmf-texlive-dist/tex/latex/graphics/graphicx.sty
Package: graphicx 1999/02/16 v1.0f Enhanced LaTeX Graphics (DPC,SPQR)

(/opt/local/share/texmf-texlive-dist/tex/latex/graphics/keyval.sty
Package: keyval 1999/03/16 v1.13 key=value parser (DPC)
\KV@toks@=\toks15
)
(/opt/local/share/texmf-texlive-dist/tex/latex/graphics/graphics.sty
Package: graphics 2009/02/05 v1.0o Standard LaTeX Graphics (DPC,SPQR)

(/opt/local/share/texmf-texlive-dist/tex/latex/graphics/trig.sty
Package: trig 1999/03/16 v1.09 sin cos tan (DPC)
)
(/opt/local/share/texmf-texlive-dist/tex/latex/latexconfig/graphics.cfg
File: graphics.cfg 2010/04/23 v1.9 graphics configuration of TeX Live
)
Package graphics Info: Driver file: pdftex.def on input line 91.

(/opt/local/share/texmf-texlive-dist/tex/latex/pdftex-def/pdftex.def
File: pdftex.def 2011/05/27 v0.06d Graphics/color for pdfTeX

(/opt/local/share/texmf-texlive-dist/tex/generic/oberdiek/infwarerr.sty
Package: infwarerr 2010/04/08 v1.3 Providing info/warning/error messages (HO)
)
(/opt/local/share/texmf-texlive-dist/tex/generic/oberdiek/ltxcmds.sty
Package: ltxcmds 2011/11/09 v1.22 LaTeX kernel commands for general use (HO)
)
\Gread@gobject=\count79
))
\Gin@req@height=\dimen102
\Gin@req@width=\dimen103
)
\symforjmath=\mathgroup8

(/opt/local/share/texmf-texlive-dist/tex/latex/base/size11.clo
File: size11.clo 2007/10/19 v1.4h Standard LaTeX file (size option)
)
(/opt/local/share/texmf-texlive-dist/tex/plain/misc/pdfcolor.tex)
\titlesk@ja=\skip41
\titlesk@jb=\skip42
\titlesk@jc=\skip43
\c@part=\count80
\c@section=\count81
\c@subsection=\count82
\c@subsubsection=\count83
\c@paragraph=\count84
\c@subparagraph=\count85
\prev@t=\toks16
\cur@t=\toks17
\@firstaubox=\box26
\addr@skip=\skip44
\auth@skip=\skip45
\Jcopy@date=\box27
\Jspecial@url=\box28
\Jpaper@url=\box29
LaTeX Font Info:    Try loading font information for T1+pcr on input line 809.

(/opt/local/share/texmf-texlive-dist/tex/latex/psnfss/t1pcr.fd
File: t1pcr.fd 2001/06/04 font definitions for T1/pcr.
)
\c@figure=\count86
\c@table=\count87
\c@OptionTest=\count88
\@tmpbox=\box30
\figbox=\box31
\tabbox=\box32
\pagebox=\box33
\ffigcount=\count89
\ftabcount=\count90
\hangcount=\count91
\nosuccesstryfig=\count92
\nosuccesstrytab=\count93
\figgutter=\dimen104
\tabgutter=\dimen105
\fl@wd=\dimen106
\fl@ht=\dimen107
\htdone=\dimen108
\pageht=\dimen109
\startpageht=\dimen110
\floatfltwidth=\dimen111
\fltitemwidth=\dimen112
\outputpretest=\toks18
\abovecaptionskip=\skip46
\belowcaptionskip=\skip47
\bibindent=\dimen113


Class JINST Warning: ATTENTION!!! watermark disabled. Add it with pdftk (use co
mpilaJINSTpdflatex for instance).

) (/opt/local/share/texmf-texlive-dist/tex/latex/graphics/epsfig.sty
Package: epsfig 1999/02/16 v1.7a (e)psfig emulation (SPQR)
\epsfxsize=\dimen114
\epsfysize=\dimen115
)
(/opt/local/share/texmf-texlive-dist/tex/latex/subfigure/subfigure.sty
Package: subfigure 2002/03/15 v2.1.5 subfigure package
\subfigtopskip=\skip48
\subfigcapskip=\skip49
\subfigcaptopadj=\dimen116
\subfigbottomskip=\skip50
\subfigcapmargin=\dimen117
\subfiglabelskip=\skip51
\c@subfigure=\count94
\c@lofdepth=\count95
\c@subtable=\count96
\c@lotdepth=\count97

****************************************
* Local config file subfigure.cfg used *
****************************************
(/opt/local/share/texmf-texlive-dist/tex/latex/subfigure/subfigure.cfg)
\subfig@top=\skip52
\subfig@bottom=\skip53
)
(/opt/local/share/texmf-texlive-dist/tex/latex/wrapfig/wrapfig.sty
\wrapoverhang=\dimen118
\WF@size=\dimen119
\c@WF@wrappedlines=\count98
\WF@box=\box34
\WF@everypar=\toks19
Package: wrapfig 2003/01/31  v 3.6
)
(/opt/local/share/texmf-texlive-dist/tex/latex/multirow/multirow.sty
\bigstrutjot=\dimen120
)
(./HTrgJINST.aux)
\openout1 = `HTrgJINST.aux'.

LaTeX Font Info:    Checking defaults for OML/cmm/m/it on input line 28.
LaTeX Font Info:    ... okay on input line 28.
LaTeX Font Info:    Checking defaults for T1/cmr/m/n on input line 28.
LaTeX Font Info:    ... okay on input line 28.
LaTeX Font Info:    Checking defaults for OT1/cmr/m/n on input line 28.
LaTeX Font Info:    ... okay on input line 28.
LaTeX Font Info:    Checking defaults for OMS/cmsy/m/n on input line 28.
LaTeX Font Info:    ... okay on input line 28.
LaTeX Font Info:    Checking defaults for OMX/cmex/m/n on input line 28.
LaTeX Font Info:    ... okay on input line 28.
LaTeX Font Info:    Checking defaults for U/cmr/m/n on input line 28.
LaTeX Font Info:    ... okay on input line 28.
LaTeX Font Info:    Try loading font information for T1+ptm on input line 28.

(/opt/local/share/texmf-texlive-dist/tex/latex/psnfss/t1ptm.fd
File: t1ptm.fd 2001/06/04 font definitions for T1/ptm.
)
\big@size=\dimen121

(/opt/local/share/texmf-texlive-dist/tex/context/base/supp-pdf.mkii
[Loading MPS to PDF converter (version 2006.09.02).]
\scratchcounter=\count99
\scratchdimen=\dimen122
\scratchbox=\box35
\nofMPsegments=\count100
\nofMParguments=\count101
\everyMPshowfont=\toks20
\MPscratchCnt=\count102
\MPscratchDim=\dimen123
\MPnumerator=\count103
\makeMPintoPDFobject=\count104
\everyMPtoPDFconversion=\toks21
) (/opt/local/share/texmf-texlive-dist/tex/generic/oberdiek/pdftexcmds.sty
Package: pdftexcmds 2011/11/29 v0.20 Utility functions of pdfTeX for LuaTeX (HO
)

(/opt/local/share/texmf-texlive-dist/tex/generic/oberdiek/ifluatex.sty
Package: ifluatex 2010/03/01 v1.3 Provides the ifluatex switch (HO)
Package ifluatex Info: LuaTeX not detected.
)
(/opt/local/share/texmf-texlive-dist/tex/generic/oberdiek/ifpdf.sty
Package: ifpdf 2011/01/30 v2.3 Provides the ifpdf switch (HO)
Package ifpdf Info: pdfTeX in PDF mode is detected.
)
Package pdftexcmds Info: LuaTeX not detected.
Package pdftexcmds Info: \pdf@primitive is available.
Package pdftexcmds Info: \pdf@ifprimitive is available.
Package pdftexcmds Info: \pdfdraftmode found.
)
(/opt/local/share/texmf-texlive-dist/tex/latex/oberdiek/epstopdf-base.sty
Package: epstopdf-base 2010/02/09 v2.5 Base part for package epstopdf

(/opt/local/share/texmf-texlive-dist/tex/latex/oberdiek/grfext.sty
Package: grfext 2010/08/19 v1.1 Manage graphics extensions (HO)

(/opt/local/share/texmf-texlive-dist/tex/generic/oberdiek/kvdefinekeys.sty
Package: kvdefinekeys 2011/04/07 v1.3 Define keys (HO)
))
(/opt/local/share/texmf-texlive-dist/tex/latex/oberdiek/kvoptions.sty
Package: kvoptions 2011/06/30 v3.11 Key value format for package options (HO)

(/opt/local/share/texmf-texlive-dist/tex/generic/oberdiek/kvsetkeys.sty
Package: kvsetkeys 2012/04/25 v1.16 Key value parser (HO)

(/opt/local/share/texmf-texlive-dist/tex/generic/oberdiek/etexcmds.sty
Package: etexcmds 2011/02/16 v1.5 Avoid name clashes with e-TeX commands (HO)
Package etexcmds Info: Could not find \expanded.
(etexcmds)             That can mean that you are not using pdfTeX 1.50 or
(etexcmds)             that some package has redefined \expanded.
(etexcmds)             In the latter case, load this package earlier.
)))
Package grfext Info: Graphics extension search list:
(grfext)             [.pdf,.jpg,.jpeg,.eps]
(grfext)             \AppendGraphicsExtensions on input line 452.

(/opt/local/share/texmf-texlive-dist/tex/latex/latexconfig/epstopdf-sys.cfg
File: epstopdf-sys.cfg 2010/07/13 v1.3 Configuration of (r)epstopdf for TeX Liv
e
))
LaTeX Font Info:    Try loading font information for OT1+ztmcm on input line 28
.

(/opt/local/share/texmf-texlive-dist/tex/latex/psnfss/ot1ztmcm.fd
File: ot1ztmcm.fd 2000/01/03 Fontinst v1.801 font definitions for OT1/ztmcm.
)
LaTeX Font Info:    Try loading font information for OML+ztmcm on input line 28
.

(/opt/local/share/texmf-texlive-dist/tex/latex/psnfss/omlztmcm.fd
File: omlztmcm.fd 2000/01/03 Fontinst v1.801 font definitions for OML/ztmcm.
)
LaTeX Font Info:    Try loading font information for OMS+ztmcm on input line 28
.

(/opt/local/share/texmf-texlive-dist/tex/latex/psnfss/omsztmcm.fd
File: omsztmcm.fd 2000/01/03 Fontinst v1.801 font definitions for OMS/ztmcm.
)
LaTeX Font Info:    Try loading font information for OMX+ztmcm on input line 28
.

(/opt/local/share/texmf-texlive-dist/tex/latex/psnfss/omxztmcm.fd
File: omxztmcm.fd 2000/01/03 Fontinst v1.801 font definitions for OMX/ztmcm.
)
LaTeX Font Info:    Try loading font information for OT1+ptm on input line 28.

(/opt/local/share/texmf-texlive-dist/tex/latex/psnfss/ot1ptm.fd
File: ot1ptm.fd 2001/06/04 font definitions for OT1/ptm.
)
LaTeX Font Info:    Font shape `OT1/ptm/bx/n' in size <10.95> not available
(Font)              Font shape `OT1/ptm/b/n' tried instead on input line 28.
LaTeX Font Info:    Font shape `OT1/ptm/bx/n' in size <8> not available
(Font)              Font shape `OT1/ptm/b/n' tried instead on input line 28.
LaTeX Font Info:    Font shape `OT1/ptm/bx/n' in size <6> not available
(Font)              Font shape `OT1/ptm/b/n' tried instead on input line 28.
LaTeX Font Info:    Try loading font information for T1+phv on input line 28.

(/opt/local/share/texmf-texlive-dist/tex/latex/psnfss/t1phv.fd
File: t1phv.fd 2001/06/04 scalable font definitions for T1/phv.
)
LaTeX Font Info:    Font shape `T1/phv/bx/n' in size <17.28> not available
(Font)              Font shape `T1/phv/b/n' tried instead on input line 28.
LaTeX Font Info:    Font shape `T1/ptm/bx/n' in size <10.95> not available
(Font)              Font shape `T1/ptm/b/n' tried instead on input line 28.
LaTeX Font Info:    Font shape `T1/phv/bx/n' in size <10.95> not available
(Font)              Font shape `T1/phv/b/n' tried instead on input line 28.
LaTeX Font Info:    Font shape `OT1/ptm/bx/n' in size <5> not available
(Font)              Font shape `OT1/ptm/b/n' tried instead on input line 28.
LaTeX Font Info:    Font shape `T1/phv/bx/n' in size <10> not available
(Font)              Font shape `T1/phv/b/n' tried instead on input line 28.
LaTeX Font Info:    Font shape `OT1/ptm/bx/n' in size <9> not available
(Font)              Font shape `OT1/ptm/b/n' tried instead on input line 28.
LaTeX Font Info:    Font shape `OT1/ptm/bx/n' in size <7> not available
(Font)              Font shape `OT1/ptm/b/n' tried instead on input line 28.
 [0

{/opt/local/var/db/texmf/fonts/map/pdftex/updmap/pdftex.map}]
LaTeX Font Info:    Font shape `T1/ptm/bx/n' in size <12> not available
(Font)              Font shape `T1/ptm/b/n' tried instead on input line 28.
 (./HTrgJINST.toc)
\tf@toc=\write3
\openout3 = `HTrgJINST.toc'.



LaTeX Warning: Citation `bib:ATLASTDR' on page 1 undefined on input line 42.


LaTeX Warning: Citation `bib:CMSdetpaper' on page 1 undefined on input line 42.



LaTeX Warning: Citation `bib:ATLASdetpaper' on page 1 undefined on input line 4
2.


LaTeX Warning: Citation `bib:CMSdetpaper' on page 1 undefined on input line 52.



LaTeX Warning: Citation `bib:ATLASdetpaper' on page 1 undefined on input line 5
2.


LaTeX Warning: Citation `bib:CMStrigger' on page 1 undefined on input line 58.

[1] [2] [3] <figs/CMSTrigger.pdf, id=75, 722.7pt x 542.025pt>
File: figs/CMSTrigger.pdf Graphic file (type pdf)

<use figs/CMSTrigger.pdf>
Package pdftex.def Info: figs/CMSTrigger.pdf used on input line 166.
(pdftex.def)             Requested size: 204.85844pt x 153.64339pt.
LaTeX Font Info:    Font shape `T1/ptm/bx/n' in size <10> not available
(Font)              Font shape `T1/ptm/b/n' tried instead on input line 169.

<figs/Tesla_M1060_1u_Super_Micro_Front_Elevated_no_cover_large.pdf, id=76, 501.
875pt x 378.41376pt>
File: figs/Tesla_M1060_1u_Super_Micro_Front_Elevated_no_cover_large.pdf Graphic
 file (type pdf)

<use figs/Tesla_M1060_1u_Super_Micro_Front_Elevated_no_cover_large.pdf>
Package pdftex.def Info: figs/Tesla_M1060_1u_Super_Micro_Front_Elevated_no_cove
r_large.pdf used on input line 174.
(pdftex.def)             Requested size: 159.33603pt x 120.14214pt.


LaTeX Warning: Citation `bib:datamodel' on page 4 undefined on input line 181.

[4 <./figs/CMSTrigger.pdf> <./figs/Tesla_M1060_1u_Super_Micro_Front_Elevated_no
_cover_large.pdf>]

LaTeX Warning: Citation `Fruhwirth:1987fm' on page 5 undefined on input line 22
9.

[5] <figs/50events_hits.pdf, id=127, 798.985pt x 762.85pt>
File: figs/50events_hits.pdf Graphic file (type pdf)

<use figs/50events_hits.pdf>
Package pdftex.def Info: figs/50events_hits.pdf used on input line 268.
(pdftex.def)             Requested size: 139.41832pt x 133.10498pt.

<figs/50events_accumulator.pdf, id=128, 4111.36pt x 4111.36pt>
File: figs/50events_accumulator.pdf Graphic file (type pdf)

<use figs/50events_accumulator.pdf>
Package pdftex.def Info: figs/50events_accumulator.pdf used on input line 274.
(pdftex.def)             Requested size: 132.44698pt x 132.43193pt.

<figs/50events_hits_tracks.pdf, id=129, 798.985pt x 762.85pt>
File: figs/50events_hits_tracks.pdf Graphic file (type pdf)

<use figs/50events_hits_tracks.pdf>
Package pdftex.def Info: figs/50events_hits_tracks.pdf used on input line 281.
(pdftex.def)             Requested size: 139.41832pt x 133.10498pt.
 [6 <./figs/50events_hits.pdf> <./figs/50events_accumulator.pdf> <./figs/50even
ts_hits_tracks.pdf>]
<figs/TimePerformance.pdf, id=172, 561.09625pt x 403.5075pt>
File: figs/TimePerformance.pdf Graphic file (type pdf)

<use figs/TimePerformance.pdf>
Package pdftex.def Info: figs/TimePerformance.pdf used on input line 320.
(pdftex.def)             Requested size: 204.85844pt x 147.31903pt.

<figs/Eff.pdf, id=173, 475.7775pt x 342.27875pt>
File: figs/Eff.pdf Graphic file (type pdf)
 <use figs/Eff.pdf>
Package pdftex.def Info: figs/Eff.pdf used on input line 326.
(pdftex.def)             Requested size: 204.85844pt x 147.37544pt.

Overfull \hbox (27.1182pt too wide) in paragraph at lines 318--330
[][] [] 
 []

[7 <./figs/TimePerformance.pdf> <./figs/Eff.pdf>]
<figs/curved_500events_hits.pdf, id=209, 569.12625pt x 546.04pt>
File: figs/curved_500events_hits.pdf Graphic file (type pdf)

<use figs/curved_500events_hits.pdf>
Package pdftex.def Info: figs/curved_500events_hits.pdf used on input line 343.

(pdftex.def)             Requested size: 204.85844pt x 196.54926pt.

<figs/curved_500events_hits_tracks.pdf, id=210, 569.12625pt x 546.04pt>
File: figs/curved_500events_hits_tracks.pdf Graphic file (type pdf)

<use figs/curved_500events_hits_tracks.pdf>
Package pdftex.def Info: figs/curved_500events_hits_tracks.pdf used on input li
ne 349.
(pdftex.def)             Requested size: 204.85844pt x 196.54926pt.

Overfull \hbox (27.1182pt too wide) in paragraph at lines 341--353
[][] [] 
 []

<figs/TimeVsThreads.pdf, id=213, 513.92pt x 369.38pt>
File: figs/TimeVsThreads.pdf Graphic file (type pdf)

<use figs/TimeVsThreads.pdf>
Package pdftex.def Info: figs/TimeVsThreads.pdf used on input line 364.
(pdftex.def)             Requested size: 204.85844pt x 147.24211pt.

<figs/TimeVsTracks.pdf, id=214, 518.93875pt x 374.39874pt>
File: figs/TimeVsTracks.pdf Graphic file (type pdf)

<use figs/TimeVsTracks.pdf>
Package pdftex.def Info: figs/TimeVsTracks.pdf used on input line 370.
(pdftex.def)             Requested size: 204.85844pt x 147.80304pt.

Overfull \hbox (27.1182pt too wide) in paragraph at lines 362--374
[][] [] 
 []

[8 <./figs/curved_500events_hits.pdf, page is rotated 90 degrees> <./figs/curve
d_500events_hits_tracks.pdf, page is rotated 90 degrees>]
<figs/jet1/tracks.pdf, id=319, 598.235pt x 574.145pt>
File: figs/jet1/tracks.pdf Graphic file (type pdf)

<use figs/jet1/tracks.pdf>
Package pdftex.def Info: figs/jet1/tracks.pdf used on input line 395.
(pdftex.def)             Requested size: 139.41832pt x 133.80272pt.

Underfull \hbox (badness 1867) in paragraph at lines 396--396
[]\T1/ptm/b/n/10 Figure 12. \T1/ptm/m/n/10 Tracks orig-i-nat-ing
 []

<figs/jet1/accumulator.pdf, id=320, 2055.68pt x 2055.68pt>
File: figs/jet1/accumulator.pdf Graphic file (type pdf)

<use figs/jet1/accumulator.pdf>
Package pdftex.def Info: figs/jet1/accumulator.pdf used on input line 401.
(pdftex.def)             Requested size: 122.6888pt x 122.67676pt.

<figs/jet1/vertex.pdf, id=321, 2055.68pt x 2055.68pt>
File: figs/jet1/vertex.pdf Graphic file (type pdf)

<use figs/jet1/vertex.pdf>
Package pdftex.def Info: figs/jet1/vertex.pdf used on input line 407.
(pdftex.def)             Requested size: 122.6888pt x 122.67676pt.

<figs/jet2/tracks.pdf, id=322, 598.235pt x 574.145pt>
File: figs/jet2/tracks.pdf Graphic file (type pdf)

<use figs/jet2/tracks.pdf>
Package pdftex.def Info: figs/jet2/tracks.pdf used on input line 416.
(pdftex.def)             Requested size: 139.41832pt x 133.80272pt.

Underfull \hbox (badness 1867) in paragraph at lines 417--417
[]\T1/ptm/b/n/10 Figure 15. \T1/ptm/m/n/10 Tracks orig-i-nat-ing
 []

<figs/jet2/accumulator.pdf, id=323, 2055.68pt x 2055.68pt>
File: figs/jet2/accumulator.pdf Graphic file (type pdf)

<use figs/jet2/accumulator.pdf>
Package pdftex.def Info: figs/jet2/accumulator.pdf used on input line 422.
(pdftex.def)             Requested size: 122.6888pt x 122.67676pt.

<figs/jet2/vertex.pdf, id=324, 2055.68pt x 2055.68pt>
File: figs/jet2/vertex.pdf Graphic file (type pdf)

<use figs/jet2/vertex.pdf>
Package pdftex.def Info: figs/jet2/vertex.pdf used on input line 428.
(pdftex.def)             Requested size: 122.6888pt x 122.67676pt.
 [9 <./figs/TimeVsThreads.pdf> <./figs/TimeVsTracks.pdf> <./figs/jet1/tracks.pd
f> <./figs/jet1/accumulator.pdf> <./figs/jet1/vertex.pdf>] [10 <./figs/jet2/tra
cks.pdf> <./figs/jet2/accumulator.pdf> <./figs/jet2/vertex.pdf>] [11] (./HTrgJI
NST.aux)

LaTeX Warning: There were undefined references.

 ) 
Here is how much of TeX's memory you used:
 3185 strings out of 495063
 42130 string characters out of 3181831
 96299 words of memory out of 3000000
 6184 multiletter control sequences out of 15000+200000
 83707 words of font info for 124 fonts, out of 3000000 for 9000
 14 hyphenation exceptions out of 8191
 38i,9n,26p,287b,339s stack positions out of 5000i,500n,10000p,200000b,50000s
{/opt/local/share/texmf-texlive-dist/fonts/enc/dvips/base/8r.enc}</opt/local/
share/texmf-texlive-dist/fonts/type1/public/amsfonts/cm/cmmi10.pfb></opt/local/
share/texmf-texlive-dist/fonts/type1/public/amsfonts/cm/cmr10.pfb></opt/local/s
hare/texmf-texlive-dist/fonts/type1/public/amsfonts/cm/cmsy10.pfb></opt/local/s
hare/texmf-texlive-dist/fonts/type1/urw/courier/ucrr8a.pfb></opt/local/share/te
xmf-texlive-dist/fonts/type1/urw/helvetic/uhvb8a.pfb></opt/local/share/texmf-te
xlive-dist/fonts/type1/urw/symbol/usyr.pfb></opt/local/share/texmf-texlive-dist
/fonts/type1/urw/times/utmb8a.pfb></opt/local/share/texmf-texlive-dist/fonts/ty
pe1/urw/times/utmr8a.pfb></opt/local/share/texmf-texlive-dist/fonts/type1/urw/t
imes/utmr8a.pfb></opt/local/share/texmf-texlive-dist/fonts/type1/urw/times/utmr
i8a.pfb>
Output written on HTrgJINST.pdf (12 pages, 4034970 bytes).
PDF statistics:
 490 PDF objects out of 1000 (max. 8388607)
 353 compressed objects within 4 object streams
 71 named destinations out of 1000 (max. 500000)
 86 words of extra memory for PDF output out of 10000 (max. 10000000)

